-------------------------------------------------------------------------------
Test set: User should be able to login with valid credentials
-------------------------------------------------------------------------------
Tests run: 3, Failures: 0, Errors: 1, Skipped: 0, Time elapsed: 149.645 s <<< FAILURE! - in User should be able to login with valid credentials
User should be able to login with valid credentials.Login scenario with data table  Time elapsed: 57.074 s  <<< ERROR!
io.cucumber.junit.UndefinedStepException: 
The step 'user should see url contains orders' is undefined.
You can implement this step using the snippet(s) below:

@Then("user should see url contains orders")
public void user_should_see_url_contains_orders() {
    // Write code here that turns the phrase above into concrete actions
    throw new io.cucumber.java.PendingException();
}


